<?xml version="1.0" encoding="UTF-8"?>
<testsuite xmlns:xsi="http://www.w3.org/2001/XMLSchema-instance" xsi:noNamespaceSchemaLocation="https://maven.apache.org/surefire/maven-surefire-plugin/xsd/surefire-test-report-3.0.xsd" version="3.0" name="service.PacienteServiceTest" time="0.951" tests="2" errors="0" skipped="0" failures="0">
  <properties>
[...]
</properties>
  <testcase name="deberiaAgregarUnPaciente" classname="service.PacienteServiceTest" time="0.379">
    <system-out><![CDATA[[2023-08-14 22:39:20] [ INFO ] [DomicilioDaoH2:39] Se ha registrado el domicilio: Id: 3 - Calle: Calle - Numero: 13 - Localidad: Localidad - Provincia: Provincia
[2023-08-14 22:39:20] [ INFO ] [PacienteDaoH2:46] Se ha registrado el paciente: Id: 0 - Nombre: Nombre - Apellido: Apellido - DNI: 123456 - Fechas de ingreso: 2023-05-02 - Domicilio: Id: 3 - Calle: Calle - Numero: 13 - Localidad: Localidad - Provincia: Provincia
]]></system-out>
  </testcase>
  <testcase name="listarTodosLosPacientes" classname="service.PacienteServiceTest" time="0.295">
    <system-out><![CDATA[[2023-08-14 22:39:21] [ INFO ] [DomicilioDaoH2:84] Se ha encontrado el domicilio: Id: 1 - Calle: Av Siempre Viva - Numero: 742 - Localidad: Springfield - Provincia: Massachusetts
[2023-08-14 22:39:21] [ INFO ] [DomicilioDaoH2:84] Se ha encontrado el domicilio: Id: 2 - Calle: Calle Wallaby - Numero: 42 - Localidad: Sydney - Provincia: Nueva Gales del Sur
[2023-08-14 22:39:21] [ ERROR] [DomicilioDaoH2:83] No se ha encontrado el domicilio con id: 0
[2023-08-14 22:39:21] [ INFO ] [PacienteDaoH2:160] Listado de todos los pacientes: [Id: 1 - Nombre: Emiliano - Apellido: Cellilli - DNI: 35464856 - Fechas de ingreso: 2023-05-24 - Domicilio: Id: 1 - Calle: Av Siempre Viva - Numero: 742 - Localidad: Springfield - Provincia: Massachusetts, Id: 2 - Nombre: Pablo - Apellido: Clemente - DNI: 3548546 - Fechas de ingreso: 2023-05-24 - Domicilio: Id: 2 - Calle: Calle Wallaby - Numero: 42 - Localidad: Sydney - Provincia: Nueva Gales del Sur, Id: 3 - Nombre: Nombre - Apellido: Apellido - DNI: 123456 - Fechas de ingreso: 2023-05-02 - Domicilio: null]
]]></system-out>
  </testcase>
</testsuite>